<?xml version="1.0" encoding="UTF-8"?>
<!-- Generated by org.testng.reporters.JUnitReportReporter -->
<testsuite skipped="0" hostname="DESKTOP-BFESPQP" name="test.FirstTest" tests="2" failures="0" timestamp="2019-11-23T12:30:38 CST" time="29.848" errors="0">
  <testcase name="userShouldBeAbleToAddContact" time="18.838" classname="test.FirstTest"/>
  <testcase name="InvaliduserShouldBeAbleToAddContact" time="11.010" classname="test.FirstTest"/>
</testsuite> <!-- test.FirstTest -->
