<?xml version="1.0" encoding="UTF-8"?>
<!-- Generated by org.testng.reporters.JUnitReportReporter -->
<testsuite skipped="0" hostname="DESKTOP-BFESPQP" name="test.Logintest" tests="1" failures="0" timestamp="2019-11-23T11:55:15 CST" time="11.069" errors="0">
  <testcase name="Demoguru" time="11.069" classname="test.Logintest"/>
</testsuite> <!-- test.Logintest -->
