<?xml version="1.0" encoding="UTF-8"?>
<!-- Generated by org.testng.reporters.JUnitReportReporter -->
<testsuite skipped="0" hostname="DESKTOP-BFESPQP" name="test.Class5" tests="2" failures="0" timestamp="2019-11-23T13:01:35 CST" time="26.104" errors="0">
  <testcase name="validUserShouldBeAbleToLogin" time="15.827" classname="test.Class5"/>
  <testcase name="invalidUsersShouldNotBeAbleToLogin" time="10.277" classname="test.Class5"/>
</testsuite> <!-- test.Class5 -->
