<?xml version="1.0" encoding="UTF-8"?>
<!-- Generated by org.testng.reporters.JUnitReportReporter -->
<testsuite skipped="0" hostname="DESKTOP-BFESPQP" name="test.SelectTest" tests="1" failures="0" timestamp="2019-11-23T12:59:36 CST" time="10.053" errors="0">
  <testcase name="selectTest" time="10.053" classname="test.SelectTest"/>
</testsuite> <!-- test.SelectTest -->
